<?xml version="1.0" encoding="UTF-8"?>
<!-- Generated by org.testng.reporters.JUnitReportReporter -->
<testsuite hostname="TYSS-Shobha" failures="0" tests="1" name="demo.SampleTest" time="0.010" errors="0" timestamp="2023-01-29T12:59:32 IST" skipped="0">
  <testcase classname="demo.SampleTest" name="sampleTest" time="0.010"/>
  <system-out/>
</testsuite> <!-- demo.SampleTest -->
